Added Component: Designator=C1(RB7.6-15)
Added Component: Designator=C2(RAD-0.3)
Added Component: Designator=C3(RAD-0.3)
Added Component: Designator=C4(RAD-0.3)
Added Component: Designator=C5(RAD-0.3)
Added Component: Designator=C6(RAD-0.3)
Added Component: Designator=D1(3.2X1.6X1.1)
Added Component: Designator=DS1(H)
Added Component: Designator=DS2(H)
Added Component: Designator=DS3(H)
Added Component: Designator=J1(KLD-0202)
Added Component: Designator=R1(J1-0603)
Added Component: Designator=R2(AXIAL-0.4)
Added Component: Designator=R3(J1-0603)
Added Component: Designator=R4(J1-0603)
Added Component: Designator=R5(J1-0603)
Added Component: Designator=R6(J1-0603)
Added Component: Designator=R7(VR5)
Added Component: Designator=R8(J1-0603)
Added Component: Designator=R9(J1-0603)
Added Component: Designator=S1(SPST-2)
Added Component: Designator=S2(SPST-2)
Added Component: Designator=S3(SPST-2)
Added Component: Designator=U1(221A-04)
Added Component: Designator=U2(WSO24_N)
Added Component: Designator=U3(PCDIP24)
Added Component: Designator=U4(SOT187-2_N)
Added Component: Designator=U5(FN028_N)
Added Component: Designator=U6(DW020_N)
Added Component: Designator=Y1(R38)
Added Pin To Net: NetName=A0 Pin=U3-8
Added Pin To Net: NetName=A0 Pin=U6-2
Added Net: Name=A0
Added Pin To Net: NetName=A1 Pin=U3-7
Added Pin To Net: NetName=A1 Pin=U6-5
Added Net: Name=A1
Added Pin To Net: NetName=A2 Pin=U3-6
Added Pin To Net: NetName=A2 Pin=U6-6
Added Net: Name=A2
Added Pin To Net: NetName=A3 Pin=U3-5
Added Pin To Net: NetName=A3 Pin=U6-9
Added Net: Name=A3
Added Pin To Net: NetName=A4 Pin=U3-4
Added Pin To Net: NetName=A4 Pin=U6-12
Added Net: Name=A4
Added Pin To Net: NetName=A5 Pin=U3-3
Added Pin To Net: NetName=A5 Pin=U6-15
Added Net: Name=A5
Added Pin To Net: NetName=A6 Pin=U3-2
Added Pin To Net: NetName=A6 Pin=U6-16
Added Net: Name=A6
Added Pin To Net: NetName=A7 Pin=U3-1
Added Pin To Net: NetName=A7 Pin=U6-19
Added Net: Name=A7
Added Pin To Net: NetName=A8 Pin=U3-23
Added Pin To Net: NetName=A8 Pin=U4-24
Added Net: Name=A8
Added Pin To Net: NetName=A9 Pin=U3-22
Added Pin To Net: NetName=A9 Pin=U4-25
Added Net: Name=A9
Added Pin To Net: NetName=A10 Pin=U3-19
Added Pin To Net: NetName=A10 Pin=U4-26
Added Net: Name=A10
Added Pin To Net: NetName=AD0 Pin=U3-9
Added Pin To Net: NetName=AD0 Pin=U4-43
Added Pin To Net: NetName=AD0 Pin=U6-3
Added Net: Name=AD0
Added Pin To Net: NetName=AD1 Pin=U3-10
Added Pin To Net: NetName=AD1 Pin=U4-42
Added Pin To Net: NetName=AD1 Pin=U6-4
Added Net: Name=AD1
Added Pin To Net: NetName=AD2 Pin=U3-11
Added Pin To Net: NetName=AD2 Pin=U4-41
Added Pin To Net: NetName=AD2 Pin=U6-7
Added Net: Name=AD2
Added Pin To Net: NetName=AD3 Pin=U3-13
Added Pin To Net: NetName=AD3 Pin=U4-40
Added Pin To Net: NetName=AD3 Pin=U6-8
Added Net: Name=AD3
Added Pin To Net: NetName=AD4 Pin=U3-14
Added Pin To Net: NetName=AD4 Pin=U4-39
Added Pin To Net: NetName=AD4 Pin=U6-13
Added Net: Name=AD4
Added Pin To Net: NetName=AD5 Pin=U3-15
Added Pin To Net: NetName=AD5 Pin=U4-38
Added Pin To Net: NetName=AD5 Pin=U6-14
Added Net: Name=AD5
Added Pin To Net: NetName=AD6 Pin=U3-16
Added Pin To Net: NetName=AD6 Pin=U4-37
Added Pin To Net: NetName=AD6 Pin=U6-17
Added Net: Name=AD6
Added Pin To Net: NetName=AD7 Pin=U3-17
Added Pin To Net: NetName=AD7 Pin=U4-36
Added Pin To Net: NetName=AD7 Pin=U6-18
Added Net: Name=AD7
Added Pin To Net: NetName=ALE Pin=U4-33
Added Pin To Net: NetName=ALE Pin=U6-11
Added Net: Name=ALE
Added Pin To Net: NetName=A Pin=U2-14
Added Net: Name=A
Added Pin To Net: NetName=B Pin=U2-16
Added Net: Name=B
Added Pin To Net: NetName=CLK1 Pin=U4-17
Added Pin To Net: NetName=CLK1 Pin=U5-10
Added Net: Name=CLK1
Added Pin To Net: NetName=CLK Pin=U2-13
Added Pin To Net: NetName=CLK Pin=U4-28
Added Net: Name=CLK
Added Pin To Net: NetName=C Pin=U2-20
Added Net: Name=C
Added Pin To Net: NetName=DIG0 Pin=DS1-3
Added Pin To Net: NetName=DIG0 Pin=DS1-8
Added Pin To Net: NetName=DIG0 Pin=U2-2
Added Net: Name=DIG0
Added Pin To Net: NetName=DIG1 Pin=DS2-3
Added Pin To Net: NetName=DIG1 Pin=DS2-8
Added Pin To Net: NetName=DIG1 Pin=U2-11
Added Net: Name=DIG1
Added Pin To Net: NetName=DIG2 Pin=DS3-3
Added Pin To Net: NetName=DIG2 Pin=DS3-8
Added Pin To Net: NetName=DIG2 Pin=U2-6
Added Net: Name=DIG2
Added Pin To Net: NetName=DIN Pin=U2-1
Added Pin To Net: NetName=DIN Pin=U4-13
Added Net: Name=DIN
Added Pin To Net: NetName=DP Pin=U2-22
Added Net: Name=DP
Added Pin To Net: NetName=D Pin=U2-23
Added Net: Name=D
Added Pin To Net: NetName=EOC Pin=U4-14
Added Pin To Net: NetName=EOC Pin=U5-7
Added Net: Name=EOC
Added Pin To Net: NetName=E Pin=U2-21
Added Net: Name=E
Added Pin To Net: NetName=F Pin=U2-15
Added Net: Name=F
Added Pin To Net: NetName=GND Pin=C1-2
Added Pin To Net: NetName=GND Pin=C2-1
Added Pin To Net: NetName=GND Pin=C3-1
Added Pin To Net: NetName=GND Pin=C5-1
Added Pin To Net: NetName=GND Pin=C6-1
Added Pin To Net: NetName=GND Pin=J1-1
Added Pin To Net: NetName=GND Pin=J1-1A
Added Pin To Net: NetName=GND Pin=J1-1B
Added Pin To Net: NetName=GND Pin=R1-2
Added Pin To Net: NetName=GND Pin=R5-1
Added Pin To Net: NetName=GND Pin=R6-1
Added Pin To Net: NetName=GND Pin=R7-2
Added Pin To Net: NetName=GND Pin=R9-1
Added Pin To Net: NetName=GND Pin=U1-2
Added Pin To Net: NetName=GND Pin=U2-4
Added Pin To Net: NetName=GND Pin=U2-9
Added Pin To Net: NetName=GND Pin=U3-12
Added Pin To Net: NetName=GND Pin=U3-18
Added Pin To Net: NetName=GND Pin=U4-22
Added Pin To Net: NetName=GND Pin=U5-13
Added Pin To Net: NetName=GND Pin=U5-16
Added Pin To Net: NetName=GND Pin=U5-23
Added Pin To Net: NetName=GND Pin=U5-24
Added Pin To Net: NetName=GND Pin=U5-25
Added Pin To Net: NetName=GND Pin=U6-1
Added Pin To Net: NetName=GND Pin=U6-10
Added Net: Name=GND
Added Pin To Net: NetName=G Pin=U2-17
Added Net: Name=G
Added Pin To Net: NetName=LOAD Pin=U2-12
Added Pin To Net: NetName=LOAD Pin=U4-11
Added Net: Name=LOAD
Added Pin To Net: NetName=NetC1_1 Pin=C1-1
Added Pin To Net: NetName=NetC1_1 Pin=C2-2
Added Pin To Net: NetName=NetC1_1 Pin=J1-2
Added Pin To Net: NetName=NetC1_1 Pin=J1-2A
Added Pin To Net: NetName=NetC1_1 Pin=J1-2B
Added Pin To Net: NetName=NetC1_1 Pin=U1-1
Added Net: Name=NetC1_1
Added Pin To Net: NetName=NetC5_2 Pin=C5-2
Added Pin To Net: NetName=NetC5_2 Pin=U4-20
Added Pin To Net: NetName=NetC5_2 Pin=Y1-1
Added Net: Name=NetC5_2
Added Pin To Net: NetName=NetC6_2 Pin=C6-2
Added Pin To Net: NetName=NetC6_2 Pin=U4-21
Added Pin To Net: NetName=NetC6_2 Pin=Y1-2
Added Net: Name=NetC6_2
Added Pin To Net: NetName=NetD1_2 Pin=D1-2
Added Pin To Net: NetName=NetD1_2 Pin=R1-1
Added Net: Name=NetD1_2
Added Pin To Net: NetName=NetJ1_3 Pin=J1-3
Added Pin To Net: NetName=NetJ1_3 Pin=J1-3A
Added Pin To Net: NetName=NetJ1_3 Pin=J1-3B
Added Net: Name=NetJ1_3
Added Pin To Net: NetName=NetR2_1 Pin=R2-1
Added Pin To Net: NetName=NetR2_1 Pin=U2-18
Added Net: Name=NetR2_1
Added Pin To Net: NetName=NetR3_1 Pin=R3-1
Added Pin To Net: NetName=NetR3_1 Pin=S1-2
Added Net: Name=NetR3_1
Added Pin To Net: NetName=NetR4_1 Pin=R4-1
Added Pin To Net: NetName=NetR4_1 Pin=S2-2
Added Net: Name=NetR4_1
Added Pin To Net: NetName=NetR5_2 Pin=R5-2
Added Pin To Net: NetName=NetR5_2 Pin=S1-1
Added Pin To Net: NetName=NetR5_2 Pin=U4-30
Added Net: Name=NetR5_2
Added Pin To Net: NetName=NetR6_2 Pin=R6-2
Added Pin To Net: NetName=NetR6_2 Pin=S2-1
Added Pin To Net: NetName=NetR6_2 Pin=U4-31
Added Net: Name=NetR6_2
Added Pin To Net: NetName=NetR7_3 Pin=R7-3
Added Pin To Net: NetName=NetR7_3 Pin=U5-26
Added Net: Name=NetR7_3
Added Pin To Net: NetName=NetR8_2 Pin=R8-2
Added Pin To Net: NetName=NetR8_2 Pin=S3-2
Added Net: Name=NetR8_2
Added Pin To Net: NetName=OE Pin=U4-15
Added Pin To Net: NetName=OE Pin=U5-9
Added Net: Name=OE
Added Pin To Net: NetName=R\D\ Pin=U3-20
Added Pin To Net: NetName=R\D\ Pin=U4-18
Added Net: Name=R\D\
Added Pin To Net: NetName=RST Pin=C4-1
Added Pin To Net: NetName=RST Pin=R8-1
Added Pin To Net: NetName=RST Pin=R9-2
Added Pin To Net: NetName=RST Pin=U4-10
Added Net: Name=RST
Added Pin To Net: NetName=ST Pin=U4-16
Added Pin To Net: NetName=ST Pin=U5-6
Added Pin To Net: NetName=ST Pin=U5-22
Added Net: Name=ST
Added Pin To Net: NetName=VCC Pin=C3-2
Added Pin To Net: NetName=VCC Pin=C4-2
Added Pin To Net: NetName=VCC Pin=D1-1
Added Pin To Net: NetName=VCC Pin=R2-2
Added Pin To Net: NetName=VCC Pin=R3-2
Added Pin To Net: NetName=VCC Pin=R4-2
Added Pin To Net: NetName=VCC Pin=R7-1
Added Pin To Net: NetName=VCC Pin=S3-1
Added Pin To Net: NetName=VCC Pin=U1-3
Added Pin To Net: NetName=VCC Pin=U2-19
Added Pin To Net: NetName=VCC Pin=U3-24
Added Pin To Net: NetName=VCC Pin=U4-35
Added Pin To Net: NetName=VCC Pin=U4-44
Added Pin To Net: NetName=VCC Pin=U5-11
Added Pin To Net: NetName=VCC Pin=U5-12
Added Pin To Net: NetName=VCC Pin=U6-20
Added Net: Name=VCC
Added Pin To Net: NetName=VD0 Pin=U4-2
Added Pin To Net: NetName=VD0 Pin=U5-17
Added Net: Name=VD0
Added Pin To Net: NetName=VD1 Pin=U4-3
Added Pin To Net: NetName=VD1 Pin=U5-14
Added Net: Name=VD1
Added Pin To Net: NetName=VD2 Pin=U4-4
Added Pin To Net: NetName=VD2 Pin=U5-15
Added Net: Name=VD2
Added Pin To Net: NetName=VD3 Pin=U4-5
Added Pin To Net: NetName=VD3 Pin=U5-8
Added Net: Name=VD3
Added Pin To Net: NetName=VD4 Pin=U4-6
Added Pin To Net: NetName=VD4 Pin=U5-18
Added Net: Name=VD4
Added Pin To Net: NetName=VD5 Pin=U4-7
Added Pin To Net: NetName=VD5 Pin=U5-19
Added Net: Name=VD5
Added Pin To Net: NetName=VD6 Pin=U4-8
Added Pin To Net: NetName=VD6 Pin=U5-20
Added Net: Name=VD6
Added Pin To Net: NetName=VD7 Pin=U4-9
Added Pin To Net: NetName=VD7 Pin=U5-21
Added Net: Name=VD7
Added Pin To Net: NetName=W\R\ Pin=U3-21
Added Pin To Net: NetName=W\R\ Pin=U4-19
Added Net: Name=W\R\
Added Class: Name=Voltage_Meter
Added Class: Name=A[0..10]
Added Class: Name=AD[0..7]
Added Class: Name=VD[0..7]
Added Room: Name=Voltage_Meter
