Added Component: Designator=C1(RB7.6-15)
Added Component: Designator=C2(RAD-0.3)
Added Component: Designator=C3(RAD-0.3)
Added Component: Designator=C4(RAD-0.3)
Added Component: Designator=C5(RAD-0.3)
Added Component: Designator=C6(RAD-0.3)
Added Component: Designator=D1(3.2X1.6X1.1)
Added Component: Designator=DS1(H)
Added Component: Designator=DS2(H)
Added Component: Designator=DS3(H)
Added Component: Designator=J1(KLD-0202)
Added Component: Designator=R1(J1-0603)
Added Component: Designator=R2(AXIAL-0.4)
Added Component: Designator=R3(J1-0603)
Added Component: Designator=R4(J1-0603)
Added Component: Designator=R5(J1-0603)
Added Component: Designator=R6(J1-0603)
Added Component: Designator=R7(VR5)
Added Component: Designator=R8(J1-0603)
Added Component: Designator=R9(J1-0603)
Added Component: Designator=S1(SPST-2)
Added Component: Designator=S2(SPST-2)
Added Component: Designator=S3(SPST-2)
Added Component: Designator=Y1(R38)
Added Net: Name=A0
Added Net: Name=A1
Added Net: Name=A2
Added Net: Name=A3
Added Net: Name=A4
Added Net: Name=A5
Added Net: Name=A6
Added Net: Name=A7
Added Net: Name=A8
Added Net: Name=A9
Added Net: Name=A10
Added Net: Name=AD0
Added Net: Name=AD1
Added Net: Name=AD2
Added Net: Name=AD3
Added Net: Name=AD4
Added Net: Name=AD5
Added Net: Name=AD6
Added Net: Name=AD7
Added Net: Name=ALE
Added Net: Name=A
Added Net: Name=B
Added Net: Name=CLK1
Added Net: Name=CLK
Added Net: Name=C
Added Pin To Net: NetName=DIG0 Pin=DS1-3
Added Pin To Net: NetName=DIG0 Pin=DS1-8
Added Net: Name=DIG0
Added Pin To Net: NetName=DIG1 Pin=DS2-3
Added Pin To Net: NetName=DIG1 Pin=DS2-8
Added Net: Name=DIG1
Added Pin To Net: NetName=DIG2 Pin=DS3-3
Added Pin To Net: NetName=DIG2 Pin=DS3-8
Added Net: Name=DIG2
Added Net: Name=DIN
Added Net: Name=DP
Added Net: Name=D
Added Net: Name=EOC
Added Net: Name=E
Added Net: Name=F
Added Pin To Net: NetName=GND Pin=C1-2
Added Pin To Net: NetName=GND Pin=C2-1
Added Pin To Net: NetName=GND Pin=C3-1
Added Pin To Net: NetName=GND Pin=C5-1
Added Pin To Net: NetName=GND Pin=C6-1
Added Pin To Net: NetName=GND Pin=J1-1
Added Pin To Net: NetName=GND Pin=J1-1A
Added Pin To Net: NetName=GND Pin=J1-1B
Added Pin To Net: NetName=GND Pin=R1-2
Added Pin To Net: NetName=GND Pin=R5-1
Added Pin To Net: NetName=GND Pin=R6-1
Added Pin To Net: NetName=GND Pin=R7-2
Added Pin To Net: NetName=GND Pin=R9-1
Added Net: Name=GND
Added Net: Name=G
Added Net: Name=LOAD
Added Pin To Net: NetName=NetC1_1 Pin=C1-1
Added Pin To Net: NetName=NetC1_1 Pin=C2-2
Added Pin To Net: NetName=NetC1_1 Pin=J1-2
Added Pin To Net: NetName=NetC1_1 Pin=J1-2A
Added Pin To Net: NetName=NetC1_1 Pin=J1-2B
Added Net: Name=NetC1_1
Added Pin To Net: NetName=NetC5_2 Pin=C5-2
Added Pin To Net: NetName=NetC5_2 Pin=Y1-1
Added Net: Name=NetC5_2
Added Pin To Net: NetName=NetC6_2 Pin=C6-2
Added Pin To Net: NetName=NetC6_2 Pin=Y1-2
Added Net: Name=NetC6_2
Added Pin To Net: NetName=NetD1_2 Pin=D1-2
Added Pin To Net: NetName=NetD1_2 Pin=R1-1
Added Net: Name=NetD1_2
Added Pin To Net: NetName=NetJ1_3 Pin=J1-3
Added Pin To Net: NetName=NetJ1_3 Pin=J1-3A
Added Pin To Net: NetName=NetJ1_3 Pin=J1-3B
Added Net: Name=NetJ1_3
Added Pin To Net: NetName=NetR2_1 Pin=R2-1
Added Net: Name=NetR2_1
Added Pin To Net: NetName=NetR3_1 Pin=R3-1
Added Pin To Net: NetName=NetR3_1 Pin=S1-2
Added Net: Name=NetR3_1
Added Pin To Net: NetName=NetR4_1 Pin=R4-1
Added Pin To Net: NetName=NetR4_1 Pin=S2-2
Added Net: Name=NetR4_1
Added Pin To Net: NetName=NetR5_2 Pin=R5-2
Added Pin To Net: NetName=NetR5_2 Pin=S1-1
Added Net: Name=NetR5_2
Added Pin To Net: NetName=NetR6_2 Pin=R6-2
Added Pin To Net: NetName=NetR6_2 Pin=S2-1
Added Net: Name=NetR6_2
Added Pin To Net: NetName=NetR7_3 Pin=R7-3
Added Net: Name=NetR7_3
Added Pin To Net: NetName=NetR8_2 Pin=R8-2
Added Pin To Net: NetName=NetR8_2 Pin=S3-2
Added Net: Name=NetR8_2
Added Net: Name=OE
Added Net: Name=R\D\
Added Pin To Net: NetName=RST Pin=C4-1
Added Pin To Net: NetName=RST Pin=R8-1
Added Pin To Net: NetName=RST Pin=R9-2
Added Net: Name=RST
Added Net: Name=ST
Added Pin To Net: NetName=VCC Pin=C3-2
Added Pin To Net: NetName=VCC Pin=C4-2
Added Pin To Net: NetName=VCC Pin=D1-1
Added Pin To Net: NetName=VCC Pin=R2-2
Added Pin To Net: NetName=VCC Pin=R3-2
Added Pin To Net: NetName=VCC Pin=R4-2
Added Pin To Net: NetName=VCC Pin=R7-1
Added Pin To Net: NetName=VCC Pin=S3-1
Added Net: Name=VCC
Added Net: Name=VD0
Added Net: Name=VD1
Added Net: Name=VD2
Added Net: Name=VD3
Added Net: Name=VD4
Added Net: Name=VD5
Added Net: Name=VD6
Added Net: Name=VD7
Added Net: Name=W\R\
Added Class: Name=Voltage_Meter
Added Class: Name=A[0..10]
Added Class: Name=AD[0..7]
Added Class: Name=VD[0..7]
Added Room: Name=Voltage_Meter
